<?xml version="1.0" encoding="UTF-8"?>
<testng-results ignored="0" total="1" passed="1" failed="0" skipped="0">
  <reporter-output>
  </reporter-output>
  <suite started-at="2020-11-05T11:45:36 IST" name="Default suite" finished-at="2020-11-05T11:46:27 IST" duration-ms="51292">
    <groups>
    </groups>
    <test started-at="2020-11-05T11:45:36 IST" name="Default test" finished-at="2020-11-05T11:46:27 IST" duration-ms="51292">
      <class name="mt_Project.DW009">
        <test-method signature="f()[pri:0, instance:mt_Project.DW009@672872e1]" started-at="2020-11-05T11:45:36 IST" name="f" finished-at="2020-11-05T11:46:27 IST" duration-ms="51204" status="PASS">
          <reporter-output>
          </reporter-output>
        </test-method> <!-- f -->
      </class> <!-- mt_Project.DW009 -->
    </test> <!-- Default test -->
  </suite> <!-- Default suite -->
</testng-results>
